<?xml version="1.0" encoding="UTF-8"?>
<testsuite name="com.example.universeti.model.UserTest" tests="2" skipped="0" failures="0" errors="0" timestamp="2026-04-17T14:39:29" hostname="Antons-MacBook-Pro.local" time="0.022">
  <properties/>
  <testcase name="roleConstants_matchExpectedValues" classname="com.example.universeti.model.UserTest" time="0.01"/>
  <testcase name="jsonRoundtrip_preservesFields" classname="com.example.universeti.model.UserTest" time="0.012"/>
  <system-out><![CDATA[]]></system-out>
  <system-err><![CDATA[]]></system-err>
</testsuite>
